00:00:00.516275 VirtualBox GUI VM Selector Window 6.0.12 r133076 win.amd64 (Sep  3 2019 10:36:06) release log
00:00:00.516277 Log opened 2019-10-20T19:06:10.775653200Z
00:00:00.516278 Build Type: release
00:00:00.516280 OS Product: Windows 10
00:00:00.516281 OS Release: 10.0.17763
00:00:00.516281 OS Service Pack: 
00:00:00.526671 DMI Product Name: Inspiron 5567
00:00:00.532082 DMI Product Version: 
00:00:00.532093 Host RAM: 7988MB (7.8GB) total, 3293MB (3.2GB) available
00:00:00.532101 Executable: C:\Program Files\Oracle\VirtualBox\VirtualBox.exe
00:00:00.532102 Process ID: 6412
00:00:00.532102 Package type: WINDOWS_64BITS_GENERIC
00:00:00.532195 Qt version: 5.6.2
00:00:00.549490 GUI: UIMediumEnumerator: Medium-enumeration started...
00:00:00.934997 GUI: UIMediumEnumerator: Medium-enumeration finished!
00:00:07.225039 GUI: UIMediumEnumerator: Medium-enumeration started...
00:00:07.326307 GUI: UIMediumEnumerator: Medium-enumeration finished!
00:08:01.617902 GUI: UIMediumEnumerator: Medium-enumeration finished!
00:08:06.989514 GUI: UIMediumEnumerator: Medium-enumeration started...
00:08:07.087262 GUI: UIMediumEnumerator: Medium-enumeration finished!
