00:00:00.000613 main     VirtualBox COM Server 6.0.12 r133076 win.amd64 (Sep  3 2019 10:36:06) release log
00:00:00.000615 main     Log opened 2019-10-20T19:06:10.414363800Z
00:00:00.000616 main     Build Type: release
00:00:00.000620 main     OS Product: Windows 10
00:00:00.000621 main     OS Release: 10.0.17763
00:00:00.000621 main     OS Service Pack: 
00:00:00.070182 main     DMI Product Name: Inspiron 5567
00:00:00.083966 main     DMI Product Version: 
00:00:00.083977 main     Host RAM: 7988MB (7.8GB) total, 3307MB (3.2GB) available
00:00:00.083985 main     Executable: C:\Program Files\Oracle\VirtualBox\VBoxSVC.exe
00:00:00.083986 main     Process ID: 13248
00:00:00.083987 main     Package type: WINDOWS_64BITS_GENERIC
00:00:00.148039          VirtualBox: object creation starts
00:00:00.148232          Home directory: 'C:\Users\user\.VirtualBox'
00:00:00.148333          Installed Drivers:
00:00:00.150793            C:\WINDOWS\system32\DRIVERS\VBoxNetLwf.sys (Version: 6.0.12.33076)
00:00:00.151570            C:\WINDOWS\system32\DRIVERS\VBoxUSBMon.sys (Version: 6.0.12.33076)
00:00:00.151963            C:\WINDOWS\system32\DRIVERS\VBoxDrv.sys (Version: 6.0.12.33076)
00:00:00.153429            C:\WINDOWS\system32\DRIVERS\VBoxNetAdp6.sys (Version: 6.0.12.33076)
00:00:00.163444          Loading settings file "C:\Users\user\.VirtualBox\VirtualBox.xml" with version "1.12-windows"
00:00:00.166148          Getting USB descriptor (id 0) failed with error 31
00:00:00.166208          Getting USB descriptor (id 0) failed with error 31
00:00:00.166258          Getting USB descriptor (id 0) failed with error 31
00:00:00.167882          USB: Unknown USB device detected (idVendor: 0x0bda, idProduct: 0x568a)
00:00:00.167906          USB: Unknown USB device detected (idVendor: 0x8087, idProduct: 0x0a2a)
00:00:00.267141          HostDnsMonitor::updateInfo
00:00:00.267164          HostDnsMonitor: old information
00:00:00.267166            no server entries
00:00:00.267167            no domain set
00:00:00.267167            no search string entries
00:00:00.267168          HostDnsMonitor: new information
00:00:00.267168            server 1: 192.168.43.1
00:00:00.267169            no domain set
00:00:00.267169            no search string entries
00:00:00.325737          VD: VDInit finished with VINF_SUCCESS
00:00:00.327908          Loading settings file "C:\Users\user\VirtualBox VMs\PARDUS\PARDUS.vbox" with version "1.16-windows"
00:00:00.329802          VirtualBox: object created
00:00:05.555352          Saving settings file "C:\Users\user\.VirtualBox\VirtualBox.xml" with version "1.12-windows"
00:00:05.592802          Saving settings file "C:\Users\user\.VirtualBox\VirtualBox.xml" with version "1.12-windows"
00:05:53.676725 USBPROXY Getting USB descriptor (id 0) failed with error 31
00:05:53.676984 USBPROXY Getting USB descriptor (id 0) failed with error 31
00:05:53.677354 USBPROXY Getting USB descriptor (id 0) failed with error 31
00:08:01.409550          Saving settings file "C:\Users\user\.VirtualBox\VirtualBox.xml" with version "1.12-windows"
00:08:01.442712          ERROR [COM]: aRC=E_ACCESSDENIED (0x80070005) aIID={ad47ad09-787b-44ab-b343-a082a3f2dfb1} aComponent={MediumWrap} aText={The object is not ready}, preserve=false aResultDetail=0
00:08:01.450151          ERROR [COM]: aRC=E_ACCESSDENIED (0x80070005) aIID={ad47ad09-787b-44ab-b343-a082a3f2dfb1} aComponent={MediumWrap} aText={The object is not ready}, preserve=false aResultDetail=0
00:21:16.900622 dns-monitor HostDnsMonitor::updateInfo
00:21:16.900712 dns-monitor HostDnsMonitor: unchanged
00:48:29.933168 dns-monitor HostDnsMonitor::updateInfo
00:48:29.933257 dns-monitor HostDnsMonitor: unchanged
01:30:33.200867 dns-monitor HostDnsMonitor::updateInfo
01:30:33.200954 dns-monitor HostDnsMonitor: unchanged
01:35:27.527105 USBPROXY Getting USB descriptor (id 0) failed with error 31
01:35:27.527199 USBPROXY Getting USB descriptor (id 0) failed with error 31
01:39:43.315050          Saving settings file "C:\Users\user\.VirtualBox\VirtualBox.xml" with version "1.12-windows"
01:39:43.333447          Saving settings file "C:\Users\user\.VirtualBox\VirtualBox.xml" with version "1.12-windows"
01:39:49.381671 main     VirtualBox: object deletion starts
01:39:49.869756 Watcher  ERROR [COM]: aRC=E_ACCESSDENIED (0x80070005) aIID={d0a0163f-e254-4e5b-a1f2-011cf991c38d} aComponent={VirtualBoxWrap} aText={The object is not ready}, preserve=false aResultDetail=0
01:39:49.870086 main     VirtualBox: object deleted
